2025-10-28 11:13:37 | INFO     | Fetching URL: https://www.transfermarkt.com/schnellsuche/ergebnis/schnellsuche?query=sturm%20graz
2025-10-28 11:13:38 | INFO     | Fetched 91,511 bytes
2025-10-28 11:13:38 | SUCCESS  | Saved file to C:\Users\chris\Scout_Pred\data\raw\tm\sturm_graz_search.html (91,511 bytes)
2025-10-28 11:24:21 | INFO     | Fetching URL: https://www.transfermarkt.com/sk-sturm-graz/startseite/verein/122
2025-10-28 11:24:22 | INFO     | Fetched 205,652 bytes
2025-10-28 11:24:22 | SUCCESS  | Saved file to C:\Users\chris\Scout_Pred\data\raw\tm\sturm_graz_team.html (205,652 bytes)
2025-10-28 12:26:00 | INFO     | Fetching URL: https://www.transfermarkt.com/sk-sturm-graz/startseite/verein/122
2025-10-28 12:26:04 | INFO     | Fetched 205,652 bytes
2025-10-28 12:31:14 | INFO     | Fetching URL: https://www.transfermarkt.com/sk-sturm-graz/startseite/verein/122
2025-10-28 12:31:16 | INFO     | Fetched 205,652 bytes
2025-10-28 12:34:31 | INFO     | Fetching URL: https://www.transfermarkt.com/sk-sturm-graz/startseite/verein/122
2025-10-28 12:34:32 | INFO     | Fetched 205,633 bytes
2025-10-28 12:41:57 | INFO     | Fetching URL: https://www.transfermarkt.com/sk-sturm-graz/startseite/verein/122
2025-10-28 12:41:59 | INFO     | Fetched 205,652 bytes
2025-10-28 12:42:00 | INFO     | Fetching URL: https://www.transfermarkt.com/oliver-christensen/profil/spieler/471936
2025-10-28 12:42:00 | INFO     | Fetching URL: https://www.transfermarkt.com/daniil-khudyakov/profil/spieler/718756
2025-10-28 12:42:00 | INFO     | Fetching URL: https://www.transfermarkt.com/matteo-bignetti/profil/spieler/629032
2025-10-28 12:42:00 | INFO     | Fetching URL: https://www.transfermarkt.com/elias-lorenz/profil/spieler/948135
2025-10-28 12:42:01 | INFO     | Fetched 112,808 bytes
2025-10-28 12:42:01 | INFO     | Fetched 113,324 bytes
2025-10-28 12:42:01 | INFO     | Fetched 113,642 bytes
2025-10-28 12:42:01 | INFO     | Fetched 112,299 bytes
2025-10-28 12:42:02 | INFO     | Fetching URL: https://www.transfermarkt.com/dimitri-lavalee/profil/spieler/420890
2025-10-28 12:42:02 | INFO     | Fetching URL: https://www.transfermarkt.com/niklas-geyrhofer/profil/spieler/394008
2025-10-28 12:42:02 | INFO     | Fetching URL: https://www.transfermarkt.com/emanuel-aiwu/profil/spieler/394152
2025-10-28 12:42:02 | INFO     | Fetching URL: https://www.transfermarkt.com/alexandar-borkovic/profil/spieler/321050
2025-10-28 12:42:03 | INFO     | Fetched 114,603 bytes
2025-10-28 12:42:03 | INFO     | Fetched 114,452 bytes
2025-10-28 12:42:03 | INFO     | Fetched 114,505 bytes
2025-10-28 12:42:04 | INFO     | Fetching URL: https://www.transfermarkt.com/emir-karic/profil/spieler/286596
2025-10-28 12:42:04 | INFO     | Fetched 115,958 bytes
2025-10-28 12:42:04 | INFO     | Fetching URL: https://www.transfermarkt.com/tim-oermann/profil/spieler/696164
2025-10-28 12:42:04 | INFO     | Fetching URL: https://www.transfermarkt.com/jeyland-mitchell/profil/spieler/856068
2025-10-28 12:42:04 | INFO     | Fetching URL: https://www.transfermarkt.com/arjan-malic/profil/spieler/805534
2025-10-28 12:42:05 | INFO     | Fetched 113,718 bytes
2025-10-28 12:42:05 | INFO     | Fetched 113,931 bytes
2025-10-28 12:42:05 | INFO     | Fetched 114,003 bytes
2025-10-28 12:42:05 | INFO     | Fetching URL: https://www.transfermarkt.com/jon-gorenc-stankovic/profil/spieler/245034
2025-10-28 12:42:05 | INFO     | Fetching URL: https://www.transfermarkt.com/julius-beck/profil/spieler/802512
2025-10-28 12:42:06 | INFO     | Fetched 114,381 bytes
2025-10-28 12:42:06 | INFO     | Fetching URL: https://www.transfermarkt.com/tomi-horvat/profil/spieler/340415
2025-10-28 12:42:06 | INFO     | Fetching URL: https://www.transfermarkt.com/jacob-peter-hodl/profil/spieler/960463
2025-10-28 12:42:07 | INFO     | Fetched 115,999 bytes
2025-10-28 12:42:07 | INFO     | Fetched 113,841 bytes
2025-10-28 12:42:07 | INFO     | Fetching URL: https://www.transfermarkt.com/stefan-hierlander/profil/spieler/59053
2025-10-28 12:42:08 | INFO     | Fetching URL: https://www.transfermarkt.com/tochi-chukwuani/profil/spieler/553328
2025-10-28 12:42:08 | INFO     | Fetched 115,208 bytes
2025-10-28 12:42:09 | INFO     | Fetching URL: https://www.transfermarkt.com/otar-kiteishvili/profil/spieler/352596
2025-10-28 12:42:09 | INFO     | Fetched 115,378 bytes
2025-10-28 12:42:10 | INFO     | Fetching URL: https://www.transfermarkt.com/filip-rozga/profil/spieler/974365
2025-10-28 12:42:10 | INFO     | Fetched 116,808 bytes
2025-10-28 12:42:11 | INFO     | Fetched 113,068 bytes
2025-10-28 12:42:11 | INFO     | Fetching URL: https://www.transfermarkt.com/axel-kayombo/profil/spieler/922788
2025-10-28 12:42:11 | INFO     | Fetching URL: https://www.transfermarkt.com/leon-grgic/profil/spieler/822601
2025-10-28 12:42:12 | INFO     | Fetched 113,983 bytes
2025-10-28 12:42:12 | INFO     | Fetched 114,145 bytes
2025-10-28 12:42:12 | INFO     | Fetching URL: https://www.transfermarkt.com/maurice-malone/profil/spieler/405568
2025-10-28 12:42:13 | INFO     | Fetching URL: https://www.transfermarkt.com/seedy-jatta/profil/spieler/661206
2025-10-28 12:42:13 | INFO     | Fetched 116,012 bytes
2025-10-28 12:42:14 | INFO     | Fetched 113,884 bytes
2025-10-28 12:42:14 | INFO     | Fetching URL: https://www.transfermarkt.com/belmin-beganovic/profil/spieler/693092
2025-10-28 12:42:15 | INFO     | Fetched 114,997 bytes
2025-10-28 12:42:22 | INFO     | Fetched 114,314 bytes
2025-10-28 12:43:02 | INFO     | Fetching URL: https://www.transfermarkt.com/sk-sturm-graz/startseite/verein/122
2025-10-28 12:43:04 | INFO     | Fetched 205,651 bytes
2025-10-28 12:43:05 | INFO     | Fetching URL: https://www.transfermarkt.com/julius-beck/profil/spieler/802512
2025-10-28 12:43:06 | INFO     | Fetched 112,496 bytes
2025-10-28 14:06:26 | INFO     | Fetching URL: https://www.transfermarkt.com/sk-sturm-graz/startseite/verein/122
2025-10-28 14:06:27 | INFO     | Fetched 205,652 bytes
2025-10-28 14:13:06 | INFO     | Fetching URL: https://www.transfermarkt.com/sk-sturm-graz/startseite/verein/122
2025-10-28 14:13:07 | INFO     | Fetched 205,633 bytes
2025-10-28 14:17:22 | INFO     | Fetching URL: https://www.transfermarkt.com/sk-sturm-graz/startseite/verein/122
2025-10-28 14:17:24 | INFO     | Fetched 205,652 bytes
2025-10-28 14:24:33 | INFO     | Fetching URL: https://www.transfermarkt.com/sk-sturm-graz/startseite/verein/122
2025-10-28 14:24:33 | INFO     | Fetched 205,652 bytes
2025-10-28 14:24:34 | INFO     | Fetching URL: https://www.transfermarkt.com/oliver-christensen/profil/spieler/471936
2025-10-28 14:24:34 | INFO     | Fetching URL: https://www.transfermarkt.com/daniil-khudyakov/profil/spieler/718756
2025-10-28 14:24:34 | INFO     | Fetching URL: https://www.transfermarkt.com/matteo-bignetti/profil/spieler/629032
2025-10-28 14:24:34 | INFO     | Fetching URL: https://www.transfermarkt.com/elias-lorenz/profil/spieler/948135
2025-10-28 14:24:35 | INFO     | Fetched 113,621 bytes
2025-10-28 14:24:36 | INFO     | Fetched 113,300 bytes
2025-10-28 14:24:36 | INFO     | Fetched 112,823 bytes
2025-10-28 14:24:36 | INFO     | Fetching URL: https://www.transfermarkt.com/dimitri-lavalee/profil/spieler/420890
2025-10-28 14:24:36 | INFO     | Fetching URL: https://www.transfermarkt.com/niklas-geyrhofer/profil/spieler/394008
2025-10-28 14:24:36 | INFO     | Fetched 112,314 bytes
2025-10-28 14:24:36 | INFO     | Fetching URL: https://www.transfermarkt.com/emanuel-aiwu/profil/spieler/394152
2025-10-28 14:24:37 | INFO     | Fetching URL: https://www.transfermarkt.com/alexandar-borkovic/profil/spieler/321050
2025-10-28 14:24:37 | INFO     | Fetched 114,528 bytes
2025-10-28 14:24:37 | INFO     | Fetched 114,632 bytes
2025-10-28 14:24:37 | INFO     | Fetched 114,470 bytes
2025-10-28 14:24:38 | INFO     | Fetched 115,955 bytes
2025-10-28 14:24:38 | INFO     | Fetching URL: https://www.transfermarkt.com/emir-karic/profil/spieler/286596
2025-10-28 14:24:38 | INFO     | Fetching URL: https://www.transfermarkt.com/tim-oermann/profil/spieler/696164
2025-10-28 14:24:38 | INFO     | Fetching URL: https://www.transfermarkt.com/jeyland-mitchell/profil/spieler/856068
2025-10-28 14:24:38 | INFO     | Fetching URL: https://www.transfermarkt.com/arjan-malic/profil/spieler/805534
2025-10-28 14:24:39 | INFO     | Fetched 113,732 bytes
2025-10-28 14:24:40 | INFO     | Fetched 114,018 bytes
2025-10-28 14:24:40 | INFO     | Fetching URL: https://www.transfermarkt.com/jon-gorenc-stankovic/profil/spieler/245034
2025-10-28 14:24:40 | INFO     | Fetched 113,921 bytes
2025-10-28 14:24:40 | INFO     | Fetching URL: https://www.transfermarkt.com/julius-beck/profil/spieler/802512
2025-10-28 14:24:40 | INFO     | Fetched 115,977 bytes
2025-10-28 14:24:41 | INFO     | Fetching URL: https://www.transfermarkt.com/tomi-horvat/profil/spieler/340415
2025-10-28 14:24:41 | INFO     | Fetched 112,497 bytes
2025-10-28 14:24:41 | INFO     | Fetching URL: https://www.transfermarkt.com/jacob-peter-hodl/profil/spieler/960463
2025-10-28 14:24:42 | INFO     | Fetched 114,307 bytes
2025-10-28 14:24:42 | INFO     | Fetching URL: https://www.transfermarkt.com/stefan-hierlander/profil/spieler/59053
2025-10-28 14:24:42 | INFO     | Fetched 113,869 bytes
2025-10-28 14:24:42 | INFO     | Fetching URL: https://www.transfermarkt.com/tochi-chukwuani/profil/spieler/553328
2025-10-28 14:24:43 | INFO     | Fetching URL: https://www.transfermarkt.com/otar-kiteishvili/profil/spieler/352596
2025-10-28 14:24:43 | INFO     | Fetched 115,378 bytes
2025-10-28 14:24:44 | INFO     | Fetched 116,786 bytes
2025-10-28 14:24:44 | INFO     | Fetched 115,200 bytes
2025-10-28 14:24:44 | INFO     | Fetching URL: https://www.transfermarkt.com/filip-rozga/profil/spieler/974365
2025-10-28 14:24:45 | INFO     | Fetching URL: https://www.transfermarkt.com/axel-kayombo/profil/spieler/922788
2025-10-28 14:24:45 | INFO     | Fetching URL: https://www.transfermarkt.com/leon-grgic/profil/spieler/822601
2025-10-28 14:24:45 | INFO     | Fetched 113,090 bytes
2025-10-28 14:24:46 | INFO     | Fetched 114,145 bytes
2025-10-28 14:24:46 | INFO     | Fetching URL: https://www.transfermarkt.com/maurice-malone/profil/spieler/405568
2025-10-28 14:24:46 | INFO     | Fetched 113,987 bytes
2025-10-28 14:24:46 | INFO     | Fetching URL: https://www.transfermarkt.com/seedy-jatta/profil/spieler/661206
2025-10-28 14:24:46 | INFO     | Fetching URL: https://www.transfermarkt.com/belmin-beganovic/profil/spieler/693092
2025-10-28 14:24:47 | INFO     | Fetched 113,868 bytes
2025-10-28 14:24:47 | INFO     | Fetched 114,969 bytes
2025-10-28 14:24:48 | INFO     | Fetched 116,032 bytes
2025-10-28 14:24:49 | INFO     | Fetched 114,385 bytes
2025-10-28 14:33:09 | INFO     | Fetching URL: https://www.transfermarkt.com/sk-sturm-graz/startseite/verein/122
2025-10-28 14:37:51 | INFO     | Fetching URL: https://www.transfermarkt.com/sk-sturm-graz/startseite/verein/122
2025-10-28 14:37:53 | INFO     | Fetched 205,652 bytes
2025-10-28 14:48:27 | SUCCESS  | Saved file to C:\Users\chris\Scout_Pred\data\raw\tm\sturm_graz_team_test.html (205,652 bytes)
